# JRE version: OpenJDK Runtime Environment (8.0_152-b02) (build 1.8.0_152-release-1024-b02)
# Java VM: OpenJDK 64-Bit Server VM (25.152-b02 mixed mode windows-amd64 compressed oops)
Heap:
 PSYoungGen      total 439296K, used 356969K [0x00000000e0000000, 0x00000000ffc00000, 0x0000000100000000)
  eden space 367104K, 95% used [0x00000000e0000000,0x00000000f577dad8,0x00000000f6680000)
  from space 72192K, 7% used [0x00000000f6680000,0x00000000f6b9c948,0x00000000fad00000)
  to   space 70656K, 0% used [0x00000000fb700000,0x00000000fb700000,0x00000000ffc00000)
 ParOldGen       total 399360K, used 340125K [0x00000000a0000000, 0x00000000b8600000, 0x00000000e0000000)
  object space 399360K, 85% used [0x00000000a0000000,0x00000000b4c27728,0x00000000b8600000)
 Metaspace       used 90239K, capacity 95902K, committed 96384K, reserved 1134592K
  class space    used 10519K, capacity 11570K, committed 11904K, reserved 1048576K
GC Heap History (10 events):
Event: 12284.398 GC heap before
{Heap before GC invocations=87 (full 8):
 PSYoungGen      total 437760K, used 358619K [0x00000000e0000000, 0x00000000fff00000, 0x0000000100000000)
  eden space 353280K, 100% used [0x00000000e0000000,0x00000000f5900000,0x00000000f5900000)
  from space 84480K, 6% used [0x00000000fac80000,0x00000000fb1b6ee0,0x00000000fff00000)
  to   space 84992K, 0% used [0x00000000f5900000,0x00000000f5900000,0x00000000fac00000)
 ParOldGen       total 399360K, used 333683K [0x00000000a0000000, 0x00000000b8600000, 0x00000000e0000000)
  object space 399360K, 83% used [0x00000000a0000000,0x00000000b45dccf8,0x00000000b8600000)
 Metaspace       used 89710K, capacity 95064K, committed 95488K, reserved 1132544K
  class space    used 10474K, capacity 11487K, committed 11776K, reserved 1048576K
Event: 12284.450 GC heap after
Heap after GC invocations=87 (full 8):
 PSYoungGen      total 364032K, used 10663K [0x00000000e0000000, 0x00000000ffb80000, 0x0000000100000000)
  eden space 353280K, 0% used [0x00000000e0000000,0x00000000e0000000,0x00000000f5900000)
  from space 10752K, 99% used [0x00000000f5900000,0x00000000f6369ff0,0x00000000f6380000)
  to   space 82432K, 0% used [0x00000000fab00000,0x00000000fab00000,0x00000000ffb80000)
 ParOldGen       total 399360K, used 336247K [0x00000000a0000000, 0x00000000b8600000, 0x00000000e0000000)
  object space 399360K, 84% used [0x00000000a0000000,0x00000000b485dda0,0x00000000b8600000)
 Metaspace       used 89710K, capacity 95064K, committed 95488K, reserved 1132544K
  class space    used 10474K, capacity 11487K, committed 11776K, reserved 1048576K
}
Event: 12317.215 GC heap before
{Heap before GC invocations=88 (full 8):
 PSYoungGen      total 364032K, used 363943K [0x00000000e0000000, 0x00000000ffb80000, 0x0000000100000000)
  eden space 353280K, 100% used [0x00000000e0000000,0x00000000f5900000,0x00000000f5900000)
  from space 10752K, 99% used [0x00000000f5900000,0x00000000f6369ff0,0x00000000f6380000)
  to   space 82432K, 0% used [0x00000000fab00000,0x00000000fab00000,0x00000000ffb80000)
 ParOldGen       total 399360K, used 336247K [0x00000000a0000000, 0x00000000b8600000, 0x00000000e0000000)
  object space 399360K, 84% used [0x00000000a0000000,0x00000000b485dda0,0x00000000b8600000)
 Metaspace       used 89799K, capacity 95196K, committed 95488K, reserved 1132544K
  class space    used 10486K, capacity 11509K, committed 11776K, reserved 1048576K
Event: 12317.234 GC heap after
Heap after GC invocations=88 (full 8):
 PSYoungGen      total 440320K, used 16320K [0x00000000e0000000, 0x0000000100000000, 0x0000000100000000)
  eden space 357888K, 0% used [0x00000000e0000000,0x00000000e0000000,0x00000000f5d80000)
  from space 82432K, 19% used [0x00000000fab00000,0x00000000fbaf0000,0x00000000ffb80000)
  to   space 79360K, 0% used [0x00000000f5d80000,0x00000000f5d80000,0x00000000fab00000)
 ParOldGen       total 399360K, used 339917K [0x00000000a0000000, 0x00000000b8600000, 0x00000000e0000000)
  object space 399360K, 85% used [0x00000000a0000000,0x00000000b4bf3728,0x00000000b8600000)
 Metaspace       used 89799K, capacity 95196K, committed 95488K, reserved 1132544K
  class space    used 10486K, capacity 11509K, committed 11776K, reserved 1048576K
}
Event: 12345.911 GC heap before
{Heap before GC invocations=89 (full 8):
 PSYoungGen      total 440320K, used 374208K [0x00000000e0000000, 0x0000000100000000, 0x0000000100000000)
  eden space 357888K, 100% used [0x00000000e0000000,0x00000000f5d80000,0x00000000f5d80000)
  from space 82432K, 19% used [0x00000000fab00000,0x00000000fbaf0000,0x00000000ffb80000)
  to   space 79360K, 0% used [0x00000000f5d80000,0x00000000f5d80000,0x00000000fab00000)
 ParOldGen       total 399360K, used 339917K [0x00000000a0000000, 0x00000000b8600000, 0x00000000e0000000)
  object space 399360K, 85% used [0x00000000a0000000,0x00000000b4bf3728,0x00000000b8600000)
 Metaspace       used 89872K, capacity 95230K, committed 95744K, reserved 1132544K
  class space    used 10487K, capacity 11512K, committed 11776K, reserved 1048576K
Event: 12345.933 GC heap after
Heap after GC invocations=89 (full 8):
 PSYoungGen      total 437248K, used 9088K [0x00000000e0000000, 0x00000000ff800000, 0x0000000100000000)
  eden space 357888K, 0% used [0x00000000e0000000,0x00000000e0000000,0x00000000f5d80000)
  from space 79360K, 11% used [0x00000000f5d80000,0x00000000f6660000,0x00000000fab00000)
  to   space 76800K, 0% used [0x00000000fad00000,0x00000000fad00000,0x00000000ff800000)
 ParOldGen       total 399360K, used 340109K [0x00000000a0000000, 0x00000000b8600000, 0x00000000e0000000)
  object space 399360K, 85% used [0x00000000a0000000,0x00000000b4c23728,0x00000000b8600000)
 Metaspace       used 89872K, capacity 95230K, committed 95744K, reserved 1132544K
  class space    used 10487K, capacity 11512K, committed 11776K, reserved 1048576K
}
Event: 12383.530 GC heap before
{Heap before GC invocations=90 (full 8):
 PSYoungGen      total 437248K, used 366976K [0x00000000e0000000, 0x00000000ff800000, 0x0000000100000000)
  eden space 357888K, 100% used [0x00000000e0000000,0x00000000f5d80000,0x00000000f5d80000)
  from space 79360K, 11% used [0x00000000f5d80000,0x00000000f6660000,0x00000000fab00000)
  to   space 76800K, 0% used [0x00000000fad00000,0x00000000fad00000,0x00000000ff800000)
 ParOldGen       total 399360K, used 340109K [0x00000000a0000000, 0x00000000b8600000, 0x00000000e0000000)
  object space 399360K, 85% used [0x00000000a0000000,0x00000000b4c23728,0x00000000b8600000)
 Metaspace       used 90123K, capacity 95690K, committed 96000K, reserved 1134592K
  class space    used 10511K, capacity 11556K, committed 11776K, reserved 1048576K
Event: 12383.576 GC heap after
Heap after GC invocations=90 (full 8):
 PSYoungGen      total 440320K, used 23382K [0x00000000e0000000, 0x00000000ff480000, 0x0000000100000000)
  eden space 367104K, 0% used [0x00000000e0000000,0x00000000e0000000,0x00000000f6680000)
  from space 73216K, 31% used [0x00000000fad00000,0x00000000fc3d5860,0x00000000ff480000)
  to   space 72192K, 0% used [0x00000000f6680000,0x00000000f6680000,0x00000000fad00000)
 ParOldGen       total 399360K, used 340117K [0x00000000a0000000, 0x00000000b8600000, 0x00000000e0000000)
  object space 399360K, 85% used [0x00000000a0000000,0x00000000b4c25728,0x00000000b8600000)
 Metaspace       used 90123K, capacity 95690K, committed 96000K, reserved 1134592K
  class space    used 10511K, capacity 11556K, committed 11776K, reserved 1048576K
}
Event: 12418.904 GC heap before
{Heap before GC invocations=91 (full 8):
 PSYoungGen      total 440320K, used 390486K [0x00000000e0000000, 0x00000000ff480000, 0x0000000100000000)
  eden space 367104K, 100% used [0x00000000e0000000,0x00000000f6680000,0x00000000f6680000)
  from space 73216K, 31% used [0x00000000fad00000,0x00000000fc3d5860,0x00000000ff480000)
  to   space 72192K, 0% used [0x00000000f6680000,0x00000000f6680000,0x00000000fad00000)
 ParOldGen       total 399360K, used 340117K [0x00000000a0000000, 0x00000000b8600000, 0x00000000e0000000)
  object space 399360K, 85% used [0x00000000a0000000,0x00000000b4c25728,0x00000000b8600000)
 Metaspace       used 90182K, capacity 95820K, committed 96384K, reserved 1134592K
  class space    used 10517K, capacity 11567K, committed 11904K, reserved 1048576K
Event: 12418.923 GC heap after
Heap after GC invocations=91 (full 8):
 PSYoungGen      total 439296K, used 5234K [0x00000000e0000000, 0x00000000ffc00000, 0x0000000100000000)
  eden space 367104K, 0% used [0x00000000e0000000,0x00000000e0000000,0x00000000f6680000)
  from space 72192K, 7% used [0x00000000f6680000,0x00000000f6b9c948,0x00000000fad00000)
  to   space 70656K, 0% used [0x00000000fb700000,0x00000000fb700000,0x00000000ffc00000)
 ParOldGen       total 399360K, used 340125K [0x00000000a0000000, 0x00000000b8600000, 0x00000000e0000000)
  object space 399360K, 85% used [0x00000000a0000000,0x00000000b4c27728,0x00000000b8600000)
 Metaspace       used 90182K, capacity 95820K, committed 96384K, reserved 1134592K
  class space    used 10517K, capacity 11567K, committed 11904K, reserved 1048576K
}

